<?xml version="1.0" encoding="UTF-8"?>
<!-- Generated by org.testng.reporters.JUnitReportReporter -->
<testsuite skipped="0" hostname="DESKTOP-5O266M1" name="Seleniumtraining.TC02_RESTApiTest" tests="2" failures="0" timestamp="28 Feb 2019 08:48:39 GMT" time="0.001" errors="0">
  <testcase name="postJira" time="0.001" classname="Seleniumtraining.TC02_RESTApiTest"/>
  <testcase name="DeleteTwitter" time="0.000" classname="Seleniumtraining.TC02_RESTApiTest"/>
</testsuite> <!-- Seleniumtraining.TC02_RESTApiTest -->
