<?xml version="1.0" encoding="UTF-8"?>
<!-- Generated by org.testng.reporters.JUnitReportReporter -->
<testsuite skipped="0" hostname="DESKTOP-5O266M1" name="Seleniumtraining.TC01_SeleniumTest" tests="2" failures="0" timestamp="28 Feb 2019 08:48:39 GMT" time="0.009" errors="0">
  <testcase name="BrowserAutomation" time="0.009" classname="Seleniumtraining.TC01_SeleniumTest"/>
  <testcase name="ElementUI" time="0.000" classname="Seleniumtraining.TC01_SeleniumTest"/>
</testsuite> <!-- Seleniumtraining.TC01_SeleniumTest -->
