<?xml version="1.0" encoding="UTF-8"?>
<!-- Generated by org.testng.reporters.JUnitReportReporter -->
<testsuite skipped="0" hostname="DESKTOP-5O266M1" name="Seleniumtraining.TC03_AppiumTest" tests="2" failures="0" timestamp="28 Feb 2019 08:48:39 GMT" time="0.000" errors="0">
  <testcase name="NativeAppAndroid" time="0.000" classname="Seleniumtraining.TC03_AppiumTest"/>
  <testcase name="IOSApps" time="0.000" classname="Seleniumtraining.TC03_AppiumTest"/>
</testsuite> <!-- Seleniumtraining.TC03_AppiumTest -->
