<?xml version="1.0" encoding="UTF-8"?>
<!-- Generated by org.testng.reporters.JUnitReportReporter -->
<testsuite hostname="DESKTOP-5O266M1" failures="0" tests="2" name="Seleniumtraining.TC01_SeleniumTest" time="0.021" errors="0" timestamp="28 Feb. 2019 06:12:30 GMT" skipped="0">
  <testcase classname="Seleniumtraining.TC01_SeleniumTest" name="BrowserAutomation" time="0.016"/>
  <testcase classname="Seleniumtraining.TC01_SeleniumTest" name="ElementUI" time="0.005"/>
</testsuite> <!-- Seleniumtraining.TC01_SeleniumTest -->
