<?xml version="1.0" encoding="UTF-8"?>
<!-- Generated by org.testng.reporters.JUnitReportReporter -->
<testsuite hostname="DESKTOP-5O266M1" failures="0" tests="2" name="Seleniumtraining.TC02_RESTApiTest" time="0.005" errors="0" timestamp="28 Feb. 2019 06:12:30 GMT" skipped="0">
  <testcase classname="Seleniumtraining.TC02_RESTApiTest" name="DeleteTwitter" time="0.002"/>
  <testcase classname="Seleniumtraining.TC02_RESTApiTest" name="postJira" time="0.003"/>
</testsuite> <!-- Seleniumtraining.TC02_RESTApiTest -->
