<?xml version="1.0" encoding="UTF-8"?>
<!-- Generated by org.testng.reporters.JUnitReportReporter -->
<testsuite hostname="DESKTOP-5O266M1" failures="0" tests="1" name="Seleniumtraining.AppTest" time="0.000" errors="0" timestamp="28 Feb. 2019 06:06:11 GMT" skipped="0">
  <testcase classname="Seleniumtraining.AppTest" name="testApp" time="0.000"/>
</testsuite> <!-- Seleniumtraining.AppTest -->
