<?xml version="1.0" encoding="UTF-8"?>
<!-- Generated by org.testng.reporters.JUnitReportReporter -->
<testsuite hostname="DESKTOP-5O266M1" failures="0" tests="2" name="TestNGPackage.TC2" time="0.013" errors="0" timestamp="27 Feb. 2019 03:41:51 GMT" skipped="0">
  <testcase classname="TestNGPackage.TC2" name="Demo" time="0.012"/>
  <testcase classname="TestNGPackage.TC2" name="Demo1" time="0.001"/>
</testsuite> <!-- TestNGPackage.TC2 -->
