<?xml version="1.0" encoding="UTF-8"?>
<!-- Generated by org.testng.reporters.JUnitReportReporter -->
<testsuite hostname="DESKTOP-5O266M1" failures="0" tests="2" name="TestNGPackage.TC01" time="0.023" errors="0" timestamp="27 Feb. 2019 03:43:17 GMT" skipped="0">
  <testcase classname="TestNGPackage.TC01" name="Demo" time="0.018"/>
  <testcase classname="TestNGPackage.TC01" name="Demo1" time="0.005"/>
</testsuite> <!-- TestNGPackage.TC01 -->
