<?xml version="1.0" encoding="UTF-8"?>
<!-- Generated by org.testng.reporters.JUnitReportReporter -->
<testsuite skipped="1" hostname="DESKTOP-5O266M1" name="TestNGPackage.TC03_CarLoan" tests="2" failures="0" timestamp="28 Feb 2019 08:12:24 GMT" time="0.002" errors="0">
  <testcase name="MobileSigninCarloan" time="0.002" classname="TestNGPackage.TC03_CarLoan"/>
  <testcase name="APIloginCarloan" classname="TestNGPackage.TC03_CarLoan">
    <skipped/>
  </testcase> <!-- APIloginCarloan -->
</testsuite> <!-- TestNGPackage.TC03_CarLoan -->
