<?xml version="1.0" encoding="UTF-8"?>
<!-- Generated by org.testng.reporters.JUnitReportReporter -->
<testsuite skipped="0" hostname="DESKTOP-5O266M1" name="TestNGPackage.TC06_DatProvider" tests="4" failures="0" timestamp="28 Feb 2019 08:12:06 GMT" time="0.034" errors="0">
  <testcase name="APIloginPersonalloan" time="0.002" classname="TestNGPackage.TC06_DatProvider"/>
  <testcase name="APIloginPersonalloan" time="0.025" classname="TestNGPackage.TC06_DatProvider"/>
  <testcase name="APIloginPersonalloan" time="0.004" classname="TestNGPackage.TC06_DatProvider"/>
  <testcase name="MobileloginPersonalloan" time="0.003" classname="TestNGPackage.TC06_DatProvider"/>
</testsuite> <!-- TestNGPackage.TC06_DatProvider -->
