<?xml version="1.0" encoding="UTF-8"?>
<!-- Generated by org.testng.reporters.JUnitReportReporter -->
<testsuite hostname="DESKTOP-5O266M1" failures="0" tests="2" name="TestNGPackage.TC02" time="0.017" errors="0" timestamp="27 Feb. 2019 03:45:00 GMT" skipped="0">
  <testcase classname="TestNGPackage.TC02" name="Demo" time="0.015"/>
  <testcase classname="TestNGPackage.TC02" name="Demo1" time="0.002"/>
</testsuite> <!-- TestNGPackage.TC02 -->
