<?xml version="1.0" encoding="UTF-8"?>
<!-- Generated by org.testng.reporters.JUnitReportReporter -->
<testsuite skipped="0" hostname="DESKTOP-5O266M1" name="TestNGPackage.TC04_HomeLoan" tests="1" failures="0" timestamp="28 Feb 2019 08:12:24 GMT" time="0.002" errors="0">
  <testcase name="APIloginHomeloan" time="0.002" classname="TestNGPackage.TC04_HomeLoan"/>
</testsuite> <!-- TestNGPackage.TC04_HomeLoan -->
